{"/Users/shaojiaqi/Documents/gitreposities/Blob/webpack/demo/custom-plugin/console-plugin.js": {"path":"/Users/shaojiaqi/Documents/gitreposities/Blob/webpack/demo/custom-plugin/console-plugin.js","statementMap":{"0":{"start":{"line":1,"column":20},"end":{"line":1,"column":42}},"1":{"start":{"line":12,"column":4},"end":{"line":26,"column":7}},"2":{"start":{"line":13,"column":6},"end":{"line":13,"column":28}},"3":{"start":{"line":14,"column":6},"end":{"line":14,"column":30}},"4":{"start":{"line":15,"column":21},"end":{"line":15,"column":55}},"5":{"start":{"line":18,"column":6},"end":{"line":18,"column":23}},"6":{"start":{"line":19,"column":6},"end":{"line":19,"column":28}},"7":{"start":{"line":28,"column":4},"end":{"line":31,"column":7}},"8":{"start":{"line":30,"column":6},"end":{"line":30,"column":62}},"9":{"start":{"line":35,"column":0},"end":{"line":35,"column":38}}},"fnMap":{"0":{"name":"(anonymous_0)","decl":{"start":{"line":4,"column":2},"end":{"line":4,"column":3}},"loc":{"start":{"line":4,"column":18},"end":{"line":32,"column":3}},"line":4},"1":{"name":"(anonymous_1)","decl":{"start":{"line":12,"column":48},"end":{"line":12,"column":49}},"loc":{"start":{"line":12,"column":65},"end":{"line":26,"column":5}},"line":12},"2":{"name":"(anonymous_2)","decl":{"start":{"line":28,"column":48},"end":{"line":28,"column":49}},"loc":{"start":{"line":28,"column":65},"end":{"line":31,"column":5}},"line":28}},"branchMap":{},"s":{"0":1,"1":1,"2":1,"3":1,"4":1,"5":1,"6":1,"7":1,"8":1,"9":1},"f":{"0":1,"1":1,"2":1},"b":{},"_coverageSchema":"1a1c01bbd47fc00a2c39e90264f33305004495a9","hash":"81323208b1df62fe9ab1ca318d2ade3f0c375cde"}
,"/Users/shaojiaqi/Documents/gitreposities/Blob/webpack/demo/tests/helpers/index.js": {"path":"/Users/shaojiaqi/Documents/gitreposities/Blob/webpack/demo/tests/helpers/index.js","statementMap":{"0":{"start":{"line":6,"column":14},"end":{"line":13,"column":3}},"1":{"start":{"line":15,"column":2},"end":{"line":24,"column":5}},"2":{"start":{"line":16,"column":21},"end":{"line":16,"column":33}},"3":{"start":{"line":18,"column":4},"end":{"line":23,"column":7}},"4":{"start":{"line":19,"column":6},"end":{"line":21,"column":7}},"5":{"start":{"line":20,"column":8},"end":{"line":20,"column":29}},"6":{"start":{"line":22,"column":6},"end":{"line":22,"column":42}}},"fnMap":{"0":{"name":"runCompile","decl":{"start":{"line":5,"column":16},"end":{"line":5,"column":26}},"loc":{"start":{"line":5,"column":36},"end":{"line":25,"column":1}},"line":5},"1":{"name":"(anonymous_1)","decl":{"start":{"line":15,"column":21},"end":{"line":15,"column":22}},"loc":{"start":{"line":15,"column":42},"end":{"line":24,"column":3}},"line":15},"2":{"name":"(anonymous_2)","decl":{"start":{"line":18,"column":17},"end":{"line":18,"column":18}},"loc":{"start":{"line":18,"column":35},"end":{"line":23,"column":5}},"line":18}},"branchMap":{"0":{"loc":{"start":{"line":19,"column":6},"end":{"line":21,"column":7}},"type":"if","locations":[{"start":{"line":19,"column":6},"end":{"line":21,"column":7}},{"start":{},"end":{}}],"line":19}},"s":{"0":1,"1":1,"2":1,"3":1,"4":1,"5":0,"6":1},"f":{"0":1,"1":1,"2":1},"b":{"0":[0,1]},"_coverageSchema":"1a1c01bbd47fc00a2c39e90264f33305004495a9","hash":"0037c134e6692d30b10cef3eeb49544bc0a4c23a"}
}
