TN:
SF:custom-plugin/console-plugin.js
FN:4,(anonymous_0)
FN:12,(anonymous_1)
FN:28,(anonymous_2)
FNF:3
FNH:3
FNDA:1,(anonymous_0)
FNDA:1,(anonymous_1)
FNDA:1,(anonymous_2)
DA:1,1
DA:12,1
DA:13,1
DA:14,1
DA:15,1
DA:18,1
DA:19,1
DA:28,1
DA:30,1
DA:35,1
LF:10
LH:10
BRF:0
BRH:0
end_of_record
TN:
SF:tests/helpers/index.js
FN:5,runCompile
FN:15,(anonymous_1)
FN:18,(anonymous_2)
FNF:3
FNH:3
FNDA:1,runCompile
FNDA:1,(anonymous_1)
FNDA:1,(anonymous_2)
DA:6,1
DA:15,1
DA:16,1
DA:18,1
DA:19,1
DA:20,0
DA:22,1
LF:7
LH:6
BRDA:19,0,0,0
BRDA:19,0,1,1
BRF:2
BRH:1
end_of_record
